Determining if the Q_WS_WIN exist failed with the following output:
Change Dir: /home/pmulumba/Projects/Astro_FITS_VTK/build-dbg/CMakeFiles/CMakeTmp

Run Build Command:/usr/bin/make "cmTryCompileExec4022401500/fast"
/usr/bin/make -f CMakeFiles/cmTryCompileExec4022401500.dir/build.make CMakeFiles/cmTryCompileExec4022401500.dir/build
make[1]: Entering directory `/home/pmulumba/Projects/Astro_FITS_VTK/build-dbg/CMakeFiles/CMakeTmp'
/usr/bin/cmake -E cmake_progress_report /home/pmulumba/Projects/Astro_FITS_VTK/build-dbg/CMakeFiles/CMakeTmp/CMakeFiles 1
Building CXX object CMakeFiles/cmTryCompileExec4022401500.dir/CheckSymbolExists.cxx.o
/usr/bin/c++    -I/usr/include/qt4    -o CMakeFiles/cmTryCompileExec4022401500.dir/CheckSymbolExists.cxx.o -c /home/pmulumba/Projects/Astro_FITS_VTK/build-dbg/CMakeFiles/CMakeTmp/CheckSymbolExists.cxx
/home/pmulumba/Projects/Astro_FITS_VTK/build-dbg/CMakeFiles/CMakeTmp/CheckSymbolExists.cxx: In function ‘int main(int, char**)’:
/home/pmulumba/Projects/Astro_FITS_VTK/build-dbg/CMakeFiles/CMakeTmp/CheckSymbolExists.cxx:8:19: error: ‘Q_WS_WIN’ was not declared in this scope
make[1]: *** [CMakeFiles/cmTryCompileExec4022401500.dir/CheckSymbolExists.cxx.o] Error 1
make[1]: Leaving directory `/home/pmulumba/Projects/Astro_FITS_VTK/build-dbg/CMakeFiles/CMakeTmp'
make: *** [cmTryCompileExec4022401500/fast] Error 2

File /home/pmulumba/Projects/Astro_FITS_VTK/build-dbg/CMakeFiles/CMakeTmp/CheckSymbolExists.cxx:
/* */
#include <QtCore/qglobal.h>

int main(int argc, char** argv)
{
  (void)argv;
#ifndef Q_WS_WIN
  return ((int*)(&Q_WS_WIN))[argc];
#else
  (void)argc;
  return 0;
#endif
}

Determining if the Q_WS_QWS exist failed with the following output:
Change Dir: /home/pmulumba/Projects/Astro_FITS_VTK/build-dbg/CMakeFiles/CMakeTmp

Run Build Command:/usr/bin/make "cmTryCompileExec1916646999/fast"
/usr/bin/make -f CMakeFiles/cmTryCompileExec1916646999.dir/build.make CMakeFiles/cmTryCompileExec1916646999.dir/build
make[1]: Entering directory `/home/pmulumba/Projects/Astro_FITS_VTK/build-dbg/CMakeFiles/CMakeTmp'
/usr/bin/cmake -E cmake_progress_report /home/pmulumba/Projects/Astro_FITS_VTK/build-dbg/CMakeFiles/CMakeTmp/CMakeFiles 1
Building CXX object CMakeFiles/cmTryCompileExec1916646999.dir/CheckSymbolExists.cxx.o
/usr/bin/c++    -I/usr/include/qt4    -o CMakeFiles/cmTryCompileExec1916646999.dir/CheckSymbolExists.cxx.o -c /home/pmulumba/Projects/Astro_FITS_VTK/build-dbg/CMakeFiles/CMakeTmp/CheckSymbolExists.cxx
/home/pmulumba/Projects/Astro_FITS_VTK/build-dbg/CMakeFiles/CMakeTmp/CheckSymbolExists.cxx: In function ‘int main(int, char**)’:
/home/pmulumba/Projects/Astro_FITS_VTK/build-dbg/CMakeFiles/CMakeTmp/CheckSymbolExists.cxx:8:19: error: ‘Q_WS_QWS’ was not declared in this scope
make[1]: *** [CMakeFiles/cmTryCompileExec1916646999.dir/CheckSymbolExists.cxx.o] Error 1
make[1]: Leaving directory `/home/pmulumba/Projects/Astro_FITS_VTK/build-dbg/CMakeFiles/CMakeTmp'
make: *** [cmTryCompileExec1916646999/fast] Error 2

File /home/pmulumba/Projects/Astro_FITS_VTK/build-dbg/CMakeFiles/CMakeTmp/CheckSymbolExists.cxx:
/* */
#include <QtCore/qglobal.h>

int main(int argc, char** argv)
{
  (void)argv;
#ifndef Q_WS_QWS
  return ((int*)(&Q_WS_QWS))[argc];
#else
  (void)argc;
  return 0;
#endif
}

Determining if the Q_WS_MAC exist failed with the following output:
Change Dir: /home/pmulumba/Projects/Astro_FITS_VTK/build-dbg/CMakeFiles/CMakeTmp

Run Build Command:/usr/bin/make "cmTryCompileExec1078890158/fast"
/usr/bin/make -f CMakeFiles/cmTryCompileExec1078890158.dir/build.make CMakeFiles/cmTryCompileExec1078890158.dir/build
make[1]: Entering directory `/home/pmulumba/Projects/Astro_FITS_VTK/build-dbg/CMakeFiles/CMakeTmp'
/usr/bin/cmake -E cmake_progress_report /home/pmulumba/Projects/Astro_FITS_VTK/build-dbg/CMakeFiles/CMakeTmp/CMakeFiles 1
Building CXX object CMakeFiles/cmTryCompileExec1078890158.dir/CheckSymbolExists.cxx.o
/usr/bin/c++    -I/usr/include/qt4    -o CMakeFiles/cmTryCompileExec1078890158.dir/CheckSymbolExists.cxx.o -c /home/pmulumba/Projects/Astro_FITS_VTK/build-dbg/CMakeFiles/CMakeTmp/CheckSymbolExists.cxx
/home/pmulumba/Projects/Astro_FITS_VTK/build-dbg/CMakeFiles/CMakeTmp/CheckSymbolExists.cxx: In function ‘int main(int, char**)’:
/home/pmulumba/Projects/Astro_FITS_VTK/build-dbg/CMakeFiles/CMakeTmp/CheckSymbolExists.cxx:8:19: error: ‘Q_WS_MAC’ was not declared in this scope
make[1]: *** [CMakeFiles/cmTryCompileExec1078890158.dir/CheckSymbolExists.cxx.o] Error 1
make[1]: Leaving directory `/home/pmulumba/Projects/Astro_FITS_VTK/build-dbg/CMakeFiles/CMakeTmp'
make: *** [cmTryCompileExec1078890158/fast] Error 2

File /home/pmulumba/Projects/Astro_FITS_VTK/build-dbg/CMakeFiles/CMakeTmp/CheckSymbolExists.cxx:
/* */
#include <QtCore/qglobal.h>

int main(int argc, char** argv)
{
  (void)argv;
#ifndef Q_WS_MAC
  return ((int*)(&Q_WS_MAC))[argc];
#else
  (void)argc;
  return 0;
#endif
}

