Determining if the Q_WS_WIN exist failed with the following output:
Change Dir: /home/pmulumba/Projects/Astro_FITS_VTK/build/CMakeFiles/CMakeTmp

Run Build Command:/usr/bin/make "cmTryCompileExec3200300290/fast"
/usr/bin/make -f CMakeFiles/cmTryCompileExec3200300290.dir/build.make CMakeFiles/cmTryCompileExec3200300290.dir/build
make[1]: Entering directory `/home/pmulumba/Projects/Astro_FITS_VTK/build/CMakeFiles/CMakeTmp'
/usr/bin/cmake -E cmake_progress_report /home/pmulumba/Projects/Astro_FITS_VTK/build/CMakeFiles/CMakeTmp/CMakeFiles 1
Building CXX object CMakeFiles/cmTryCompileExec3200300290.dir/CheckSymbolExists.cxx.o
/usr/bin/c++    -I/usr/include/qt4    -o CMakeFiles/cmTryCompileExec3200300290.dir/CheckSymbolExists.cxx.o -c /home/pmulumba/Projects/Astro_FITS_VTK/build/CMakeFiles/CMakeTmp/CheckSymbolExists.cxx
/home/pmulumba/Projects/Astro_FITS_VTK/build/CMakeFiles/CMakeTmp/CheckSymbolExists.cxx: In function ‘int main(int, char**)’:
/home/pmulumba/Projects/Astro_FITS_VTK/build/CMakeFiles/CMakeTmp/CheckSymbolExists.cxx:8:19: error: ‘Q_WS_WIN’ was not declared in this scope
make[1]: *** [CMakeFiles/cmTryCompileExec3200300290.dir/CheckSymbolExists.cxx.o] Error 1
make[1]: Leaving directory `/home/pmulumba/Projects/Astro_FITS_VTK/build/CMakeFiles/CMakeTmp'
make: *** [cmTryCompileExec3200300290/fast] Error 2

File /home/pmulumba/Projects/Astro_FITS_VTK/build/CMakeFiles/CMakeTmp/CheckSymbolExists.cxx:
/* */
#include <QtCore/qglobal.h>

int main(int argc, char** argv)
{
  (void)argv;
#ifndef Q_WS_WIN
  return ((int*)(&Q_WS_WIN))[argc];
#else
  (void)argc;
  return 0;
#endif
}

Determining if the Q_WS_QWS exist failed with the following output:
Change Dir: /home/pmulumba/Projects/Astro_FITS_VTK/build/CMakeFiles/CMakeTmp

Run Build Command:/usr/bin/make "cmTryCompileExec4008936972/fast"
/usr/bin/make -f CMakeFiles/cmTryCompileExec4008936972.dir/build.make CMakeFiles/cmTryCompileExec4008936972.dir/build
make[1]: Entering directory `/home/pmulumba/Projects/Astro_FITS_VTK/build/CMakeFiles/CMakeTmp'
/usr/bin/cmake -E cmake_progress_report /home/pmulumba/Projects/Astro_FITS_VTK/build/CMakeFiles/CMakeTmp/CMakeFiles 1
Building CXX object CMakeFiles/cmTryCompileExec4008936972.dir/CheckSymbolExists.cxx.o
/usr/bin/c++    -I/usr/include/qt4    -o CMakeFiles/cmTryCompileExec4008936972.dir/CheckSymbolExists.cxx.o -c /home/pmulumba/Projects/Astro_FITS_VTK/build/CMakeFiles/CMakeTmp/CheckSymbolExists.cxx
/home/pmulumba/Projects/Astro_FITS_VTK/build/CMakeFiles/CMakeTmp/CheckSymbolExists.cxx: In function ‘int main(int, char**)’:
/home/pmulumba/Projects/Astro_FITS_VTK/build/CMakeFiles/CMakeTmp/CheckSymbolExists.cxx:8:19: error: ‘Q_WS_QWS’ was not declared in this scope
make[1]: *** [CMakeFiles/cmTryCompileExec4008936972.dir/CheckSymbolExists.cxx.o] Error 1
make[1]: Leaving directory `/home/pmulumba/Projects/Astro_FITS_VTK/build/CMakeFiles/CMakeTmp'
make: *** [cmTryCompileExec4008936972/fast] Error 2

File /home/pmulumba/Projects/Astro_FITS_VTK/build/CMakeFiles/CMakeTmp/CheckSymbolExists.cxx:
/* */
#include <QtCore/qglobal.h>

int main(int argc, char** argv)
{
  (void)argv;
#ifndef Q_WS_QWS
  return ((int*)(&Q_WS_QWS))[argc];
#else
  (void)argc;
  return 0;
#endif
}

Determining if the Q_WS_MAC exist failed with the following output:
Change Dir: /home/pmulumba/Projects/Astro_FITS_VTK/build/CMakeFiles/CMakeTmp

Run Build Command:/usr/bin/make "cmTryCompileExec1661654466/fast"
/usr/bin/make -f CMakeFiles/cmTryCompileExec1661654466.dir/build.make CMakeFiles/cmTryCompileExec1661654466.dir/build
make[1]: Entering directory `/home/pmulumba/Projects/Astro_FITS_VTK/build/CMakeFiles/CMakeTmp'
/usr/bin/cmake -E cmake_progress_report /home/pmulumba/Projects/Astro_FITS_VTK/build/CMakeFiles/CMakeTmp/CMakeFiles 1
Building CXX object CMakeFiles/cmTryCompileExec1661654466.dir/CheckSymbolExists.cxx.o
/usr/bin/c++    -I/usr/include/qt4    -o CMakeFiles/cmTryCompileExec1661654466.dir/CheckSymbolExists.cxx.o -c /home/pmulumba/Projects/Astro_FITS_VTK/build/CMakeFiles/CMakeTmp/CheckSymbolExists.cxx
/home/pmulumba/Projects/Astro_FITS_VTK/build/CMakeFiles/CMakeTmp/CheckSymbolExists.cxx: In function ‘int main(int, char**)’:
/home/pmulumba/Projects/Astro_FITS_VTK/build/CMakeFiles/CMakeTmp/CheckSymbolExists.cxx:8:19: error: ‘Q_WS_MAC’ was not declared in this scope
make[1]: *** [CMakeFiles/cmTryCompileExec1661654466.dir/CheckSymbolExists.cxx.o] Error 1
make[1]: Leaving directory `/home/pmulumba/Projects/Astro_FITS_VTK/build/CMakeFiles/CMakeTmp'
make: *** [cmTryCompileExec1661654466/fast] Error 2

File /home/pmulumba/Projects/Astro_FITS_VTK/build/CMakeFiles/CMakeTmp/CheckSymbolExists.cxx:
/* */
#include <QtCore/qglobal.h>

int main(int argc, char** argv)
{
  (void)argv;
#ifndef Q_WS_MAC
  return ((int*)(&Q_WS_MAC))[argc];
#else
  (void)argc;
  return 0;
#endif
}

